Jan-07 18:06:30.815 [main] DEBUG nextflow.cli.Launcher - $> nextflow /home/jeszyman/repos/bioinformatics-toolkit/test.nf -with-docker jeszyman/bioinformatics-toolkit
Jan-07 18:06:30.930 [main] INFO  nextflow.cli.CmdRun - N E X T F L O W  ~  version 19.04.1
Jan-07 18:06:30.942 [main] INFO  nextflow.cli.CmdRun - Launching `/home/jeszyman/repos/bioinformatics-toolkit/test.nf` [mad_koch] - revision: e778553b09
Jan-07 18:06:30.998 [main] DEBUG nextflow.config.ConfigBuilder - Enabling execution in Docker container as requested by cli option `-with-docker jeszyman/bioinformatics-toolkit`
Jan-07 18:06:31.033 [main] DEBUG nextflow.Session - Session uuid: 226cf24c-d309-4d65-a4b5-99c2ddf9aab5
Jan-07 18:06:31.033 [main] DEBUG nextflow.Session - Run name: mad_koch
Jan-07 18:06:31.036 [main] DEBUG nextflow.Session - Executor pool size: 4
Jan-07 18:06:31.079 [main] DEBUG nextflow.cli.CmdRun - 
  Version: 19.04.1 build 5072
  Modified: 03-05-2019 12:29 UTC (07:29 CDT)
  System: Linux 5.0.0-37-generic
  Runtime: Groovy 2.5.6 on OpenJDK 64-Bit Server VM 11.0.5+10-post-Ubuntu-0ubuntu1.118.04
  Encoding: UTF-8 (UTF-8)
  Process: 18423@jeff-mac-book [127.0.1.1]
  CPUs: 4 - Mem: 7.7 GB (508.9 MB) - Swap: 980 MB (718.6 MB)
Jan-07 18:06:31.111 [main] DEBUG nextflow.Session - Work-dir: /home/jeszyman/repos/bioinformatics-toolkit/tmp/work [ext2/ext3]
Jan-07 18:06:31.111 [main] DEBUG nextflow.Session - Script base path does not exist or is not a directory: /home/jeszyman/repos/bioinformatics-toolkit/bin
Jan-07 18:06:31.300 [main] DEBUG nextflow.Session - Session start invoked
Jan-07 18:06:31.304 [main] DEBUG nextflow.processor.TaskDispatcher - Dispatcher > start
Jan-07 18:06:31.307 [main] DEBUG nextflow.script.ScriptRunner - > Script parsing
Jan-07 18:06:31.607 [main] DEBUG nextflow.script.ScriptRunner - > Launching execution
Jan-07 18:06:31.688 [main] DEBUG nextflow.processor.ProcessFactory - << taskConfig executor: null
Jan-07 18:06:31.688 [main] DEBUG nextflow.processor.ProcessFactory - >> processorType: 'local'
Jan-07 18:06:31.696 [main] DEBUG nextflow.executor.Executor - Initializing executor: local
Jan-07 18:06:31.699 [main] INFO  nextflow.executor.Executor - [warm up] executor > local
Jan-07 18:06:31.706 [main] DEBUG n.processor.LocalPollingMonitor - Creating local task monitor for executor 'local' > cpus=4; memory=7.7 GB; capacity=4; pollInterval=100ms; dumpInterval=5m
Jan-07 18:06:31.714 [main] DEBUG nextflow.processor.TaskDispatcher - Starting monitor: LocalPollingMonitor
Jan-07 18:06:31.715 [main] DEBUG n.processor.TaskPollingMonitor - >>> barrier register (monitor: local)
Jan-07 18:06:31.729 [main] DEBUG nextflow.executor.Executor - Invoke register for executor: local
Jan-07 18:06:31.818 [main] DEBUG nextflow.Session - >>> barrier register (process: get_genome)
Jan-07 18:06:31.821 [main] DEBUG nextflow.processor.TaskProcessor - Creating operator > get_genome -- maxForks: 4
Jan-07 18:06:31.869 [main] DEBUG nextflow.script.ScriptRunner - > Await termination 
Jan-07 18:06:31.869 [main] DEBUG nextflow.Session - Session await
Jan-07 18:06:32.057 [Task submitter] DEBUG nextflow.executor.LocalTaskHandler - Launch cmd line: /bin/bash -ue .command.run
Jan-07 18:06:32.066 [Task submitter] INFO  nextflow.Session - [0e/b5b714] Submitted process > get_genome
Jan-07 18:06:48.501 [Task monitor] DEBUG n.processor.TaskPollingMonitor - Task completed > TaskHandler[id: 1; name: get_genome; status: COMPLETED; exit: 1; error: -; workDir: /home/jeszyman/repos/bioinformatics-toolkit/tmp/work/0e/b5b7142eadbfa986eed5c0c0178cf4]
Jan-07 18:06:48.549 [Task monitor] ERROR nextflow.processor.TaskProcessor - Error executing process > 'get_genome'

Caused by:
  Process `get_genome` terminated with an error exit status (1)

Command executed:

  mkdir -p /home/jeszyman/repos/bioinformatics-toolkit/tmp/
  wget https://hgdownload.cse.ucsc.edu/goldenPath/hg19/chromosomes/chr1.fa.gz -O /home/jeszyman/repos/bioinformatics-toolkit/tmp/chr1.fa.gz
  gunzip /home/jeszyman/repos/bioinformatics-toolkit/tmp/chr1.fa.gz
  wc -l /home/jeszyman/repos/bioninformatics-toolkit/tmp/chr1.fa.gz

Command exit status:
  1

Command output:
  (empty)

Command error:
   69750K .......... .......... .......... .......... .......... 96% 21.3M 0s
   69800K .......... .......... .......... .......... .......... 96% 20.2M 0s
   69850K .......... .......... .......... .......... .......... 97% 69.3M 0s
   69900K .......... .......... .......... .......... .......... 97% 28.2M 0s
   69950K .......... .......... .......... .......... .......... 97% 37.0M 0s
   70000K .......... .......... .......... .......... .......... 97% 14.2M 0s
   70050K .......... .......... .......... .......... .......... 97% 66.1M 0s
   70100K .......... .......... .......... .......... .......... 97% 18.1M 0s
   70150K .......... .......... .......... .......... .......... 97% 20.0M 0s
   70200K .......... .......... .......... .......... .......... 97% 21.3M 0s
   70250K .......... .......... .......... .......... .......... 97% 75.1M 0s
   70300K .......... .......... .......... .......... .......... 97% 19.5M 0s
   70350K .......... .......... .......... .......... .......... 97% 67.1M 0s
   70400K .......... .......... .......... .......... .......... 97% 30.5M 0s
   70450K .......... .......... .......... .......... .......... 97% 36.7M 0s
   70500K .......... .......... .......... .......... .......... 97% 32.0M 0s
   70550K .......... .......... .......... .......... .......... 97% 36.2M 0s
   70600K .......... .......... .......... .......... .......... 98% 19.9M 0s
   70650K .......... .......... .......... .......... .......... 98% 50.4M 0s
   70700K .......... .......... .......... .......... .......... 98% 21.9M 0s
   70750K .......... .......... .......... .......... .......... 98% 35.7M 0s
   70800K .......... .......... .......... .......... .......... 98% 17.0M 0s
   70850K .......... .......... .......... .......... .......... 98% 70.6M 0s
   70900K .......... .......... .......... .......... .......... 98% 26.2M 0s
   70950K .......... .......... .......... .......... .......... 98% 23.1M 0s
   71000K .......... .......... .......... .......... .......... 98% 28.0M 0s
   71050K .......... .......... .......... .......... .......... 98% 15.9M 0s
   71100K .......... .......... .......... .......... .......... 98% 29.7M 0s
   71150K .......... .......... .......... .......... .......... 98% 69.4M 0s
   71200K .......... .......... .......... .......... .......... 98% 25.1M 0s
   71250K .......... .......... .......... .......... .......... 98% 15.7M 0s
   71300K .......... .......... .......... .......... .......... 99% 22.1M 0s
   71350K .......... .......... .......... .......... .......... 99% 40.9M 0s
   71400K .......... .......... .......... .......... .......... 99% 69.0M 0s
   71450K .......... .......... .......... .......... .......... 99% 38.6M 0s
   71500K .......... .......... .......... .......... .......... 99% 24.5M 0s
   71550K .......... .......... .......... .......... .......... 99% 20.6M 0s
   71600K .......... .......... .......... .......... .......... 99% 20.1M 0s
   71650K .......... .......... .......... .......... .......... 99% 31.4M 0s
   71700K .......... .......... .......... .......... .......... 99% 28.6M 0s
   71750K .......... .......... .......... .......... .......... 99% 21.6M 0s
   71800K .......... .......... .......... .......... .......... 99% 29.8M 0s
   71850K .......... .......... .......... .......... .......... 99% 31.5M 0s
   71900K .......... .......... .......... .......... .......... 99% 63.5M 0s
   71950K .......... .......... .......... .......... .......... 99% 23.7M 0s
   72000K .......... .......... .......... .......... ....      100% 40.1M=7.1s
  
  2020-01-08 00:06:45 (9.84 MB/s) - '/home/jeszyman/repos/bioinformatics-toolkit/tmp/chr1.fa.gz' saved [73773666/73773666]
  
  wc: /home/jeszyman/repos/bioninformatics-toolkit/tmp/chr1.fa.gz: No such file or directory

Work dir:
  /home/jeszyman/repos/bioinformatics-toolkit/tmp/work/0e/b5b7142eadbfa986eed5c0c0178cf4

Tip: you can replicate the issue by changing to the process work dir and entering the command `bash .command.run`
Jan-07 18:06:48.555 [Actor Thread 2] DEBUG nextflow.Session - <<< barrier arrive (process: get_genome)
Jan-07 18:06:48.557 [main] DEBUG nextflow.Session - Session await > all process finished
Jan-07 18:06:48.558 [Task monitor] DEBUG nextflow.Session - Session aborted -- Cause: Process `get_genome` terminated with an error exit status (1)
Jan-07 18:06:48.591 [main] DEBUG nextflow.Session - Session await > all barriers passed
Jan-07 18:06:48.592 [Task monitor] DEBUG n.processor.TaskPollingMonitor - <<< barrier arrives (monitor: local)
Jan-07 18:06:48.607 [main] DEBUG nextflow.trace.StatsObserver - Workflow completed > WorkflowStats[succeedCount=0; failedCount=1; ignoredCount=0; cachedCount=0; succeedDuration=0ms; failedDuration=16.4s; cachedDuration=0ms]
Jan-07 18:06:48.773 [main] DEBUG nextflow.CacheDB - Closing CacheDB done
Jan-07 18:06:48.785 [main] DEBUG nextflow.script.ScriptRunner - > Execution complete -- Goodbye
