Jan-07 17:46:06.974 [main] DEBUG nextflow.cli.Launcher - $> nextflow dna-simulate.nf -with-docker jeszyman/bioinformatics-toolkit
Jan-07 17:46:07.080 [main] INFO  nextflow.cli.CmdRun - N E X T F L O W  ~  version 19.04.1
Jan-07 17:46:07.092 [main] INFO  nextflow.cli.CmdRun - Launching `dna-simulate.nf` [loving_shannon] - revision: 12066d4448
Jan-07 17:46:07.144 [main] DEBUG nextflow.config.ConfigBuilder - Enabling execution in Docker container as requested by cli option `-with-docker jeszyman/bioinformatics-toolkit`
Jan-07 17:46:07.194 [main] DEBUG nextflow.Session - Session uuid: c2409c92-d225-4123-aab7-617cd4dc78f1
Jan-07 17:46:07.194 [main] DEBUG nextflow.Session - Run name: loving_shannon
Jan-07 17:46:07.197 [main] DEBUG nextflow.Session - Executor pool size: 4
Jan-07 17:46:07.247 [main] DEBUG nextflow.cli.CmdRun - 
  Version: 19.04.1 build 5072
  Modified: 03-05-2019 12:29 UTC (07:29 CDT)
  System: Linux 5.0.0-37-generic
  Runtime: Groovy 2.5.6 on OpenJDK 64-Bit Server VM 11.0.5+10-post-Ubuntu-0ubuntu1.118.04
  Encoding: UTF-8 (UTF-8)
  Process: 17950@jeff-mac-book [127.0.1.1]
  CPUs: 4 - Mem: 7.7 GB (749.7 MB) - Swap: 980 MB (718.6 MB)
Jan-07 17:46:07.288 [main] DEBUG nextflow.Session - Work-dir: /home/jeszyman/repos/bioinformatics-toolkit/work [ext2/ext3]
Jan-07 17:46:07.288 [main] DEBUG nextflow.Session - Script base path does not exist or is not a directory: /home/jeszyman/repos/bioinformatics-toolkit/bin
Jan-07 17:46:07.496 [main] DEBUG nextflow.Session - Session start invoked
Jan-07 17:46:07.507 [main] DEBUG nextflow.processor.TaskDispatcher - Dispatcher > start
Jan-07 17:46:07.512 [main] DEBUG nextflow.script.ScriptRunner - > Script parsing
Jan-07 17:46:07.571 [main] DEBUG nextflow.Session - Session aborted -- Cause: startup failed:
_nf_script_e91a6492: 61: unexpected char: 0xFFFF @ line 61, column 80.
   runfiles5/HiSeq/s_1_4x.runfile
                                 ^

1 error

Jan-07 17:46:07.715 [main] ERROR nextflow.cli.Launcher - startup failed:
_nf_script_e91a6492: 61: unexpected char: 0xFFFF @ line 61, column 80.
   runfiles5/HiSeq/s_1_4x.runfile
                                 ^

1 error

