The flag 'directory' used in rule all is only valid for outputs, not inputs.
Building DAG of jobs...
Using shell: /bin/bash
Provided cores: 1 (use --cores to define parallelism)
Rules claiming more threads will be scaled down.
Job stats:
job        count    min threads    max threads
-------  -------  -------------  -------------
all            1              1              1
scatter        1              1              1
total          2              1              1

Select jobs to execute...

[Mon Aug 22 12:01:33 2022]
checkpoint scatter:
    output: scatter
    jobid: 1
    resources: tmpdir=/tmp
Downstream jobs will be updated after completion.

[Mon Aug 22 12:01:33 2022]
Finished job 1.
1 of 2 steps (50%) done
Updating job all.
Select jobs to execute...

[Mon Aug 22 12:01:33 2022]
localrule all:
    input: scatter
    jobid: 0
    resources: tmpdir=/tmp

[Mon Aug 22 12:01:33 2022]
Finished job 0.
2 of 2 steps (100%) done
Complete log: /home/jeszyman/repos/biotools/.snakemake/log/2022-08-22T120133.593112.snakemake.log
