Full Traceback (most recent call last):
  File "/opt/miniconda3/envs/snakemake/lib/python3.10/site-packages/snakemake/__init__.py", line 593, in snakemake
    workflow.include(
  File "/opt/miniconda3/envs/snakemake/lib/python3.10/site-packages/snakemake/workflow.py", line 1164, in include
    code, linemap, rulecount = parse(
  File "/opt/miniconda3/envs/snakemake/lib/python3.10/site-packages/snakemake/parser.py", line 1194, in parse
    for t, orig_token in automaton.consume():
  File "/opt/miniconda3/envs/snakemake/lib/python3.10/site-packages/snakemake/parser.py", line 105, in consume
    for t, orig in self.state(token):
  File "/opt/miniconda3/envs/snakemake/lib/python3.10/site-packages/snakemake/parser.py", line 1146, in python
    for t in self.subautomaton(token.string).consume():
  File "/opt/miniconda3/envs/snakemake/lib/python3.10/site-packages/snakemake/parser.py", line 105, in consume
    for t, orig in self.state(token):
  File "/opt/miniconda3/envs/snakemake/lib/python3.10/site-packages/snakemake/parser.py", line 179, in block
    yield from self.block_content(token)
  File "/opt/miniconda3/envs/snakemake/lib/python3.10/site-packages/snakemake/parser.py", line 758, in block_content
    for t in self.subautomaton(
  File "/opt/miniconda3/envs/snakemake/lib/python3.10/site-packages/snakemake/parser.py", line 102, in consume
    for token in self.snakefile:
  File "/opt/miniconda3/envs/snakemake/lib/python3.10/site-packages/snakemake/parser.py", line 1167, in __next__
    return next(self.tokens)
  File "/opt/miniconda3/envs/snakemake/lib/python3.10/tokenize.py", line 514, in _tokenize
    raise IndentationError(
  File "<tokenize>", line 24
    output:
IndentationError: unindent does not match any outer indentation level

IndentationError in line 24 of <tokenize>:
unindent does not match any outer indentation level (<tokenize>, line 24)
  File "/opt/miniconda3/envs/snakemake/lib/python3.10/tokenize.py", line 514, in _tokenize
