Building DAG of jobs...
Using shell: /bin/bash
Provided cores: 4
Rules claiming more threads will be scaled down.
Job stats:
job               count    min threads    max threads
--------------  -------  -------------  -------------
all                   1              1              1
symlink_inputs        3              1              1
total                 4              1              1

Resources before job selection: {'_cores': 4, '_nodes': 9223372036854775807}
Ready jobs (3):
	symlink_inputs
	symlink_inputs
	symlink_inputs
Select jobs to execute...
Selected jobs (3):
	symlink_inputs
	symlink_inputs
	symlink_inputs
Resources after job selection: {'_cores': 1, '_nodes': 9223372036854775804}

[Thu Jun 16 10:28:36 2022]
rule symlink_inputs:
    input: test/inputs/sample3_R1.fastq.gz
    output: test/fastq/raw/lib002.fastq.gz
    jobid: 2
    wildcards: file_indict=lib002
    resources: tmpdir=/tmp


        ln -sf --relative test/inputs/sample3_R1.fastq.gz test/fastq/raw/lib002.fastq.gz
        
 singularity  exec --home /home/jeszyman/repos/biotools --bind /home/jeszyman:/home/jeszyman --bind /mnt:/mnt ${HOME}/sing_containers/biotools.sif bash -c 'set -euo pipefail;  
        ln -sf --relative test/inputs/sample3_R1.fastq.gz test/fastq/raw/lib002.fastq.gz'
Activating singularity image ${HOME}/sing_containers/biotools.sif

[Thu Jun 16 10:28:36 2022]
rule symlink_inputs:
    input: test/inputs/nci2835462_R1.fastq.gz
    output: test/fastq/raw/lib003.fastq.gz
    jobid: 3
    wildcards: file_indict=lib003
    resources: tmpdir=/tmp


        ln -sf --relative test/inputs/nci2835462_R1.fastq.gz test/fastq/raw/lib003.fastq.gz
        
 singularity  exec --home /home/jeszyman/repos/biotools --bind /home/jeszyman:/home/jeszyman --bind /mnt:/mnt ${HOME}/sing_containers/biotools.sif bash -c 'set -euo pipefail;  
        ln -sf --relative test/inputs/nci2835462_R1.fastq.gz test/fastq/raw/lib003.fastq.gz'

Activating singularity image ${HOME}/sing_containers/biotools.sif
[Thu Jun 16 10:28:36 2022]
rule symlink_inputs:
    input: test/inputs/new_seq/HiSeqW23_AGTD_R1.fastq.gz
    output: test/fastq/raw/lib001.fastq.gz
    jobid: 1
    wildcards: file_indict=lib001
    resources: tmpdir=/tmp


        ln -sf --relative test/inputs/new_seq/HiSeqW23_AGTD_R1.fastq.gz test/fastq/raw/lib001.fastq.gz
        
 singularity  exec --home /home/jeszyman/repos/biotools --bind /home/jeszyman:/home/jeszyman --bind /mnt:/mnt ${HOME}/sing_containers/biotools.sif bash -c 'set -euo pipefail;  
        ln -sf --relative test/inputs/new_seq/HiSeqW23_AGTD_R1.fastq.gz test/fastq/raw/lib001.fastq.gz'
Activating singularity image ${HOME}/sing_containers/biotools.sif
[Thu Jun 16 10:28:36 2022]
Finished job 2.
1 of 4 steps (25%) done
[Thu Jun 16 10:28:36 2022]
Finished job 3.
2 of 4 steps (50%) done
[Thu Jun 16 10:28:36 2022]
Finished job 1.
3 of 4 steps (75%) done
Resources before job selection: {'_cores': 4, '_nodes': 9223372036854775807}
Ready jobs (1):
	all
Select jobs to execute...
Using greedy selector because only single job has to be scheduled.
Selected jobs (1):
	all
Resources after job selection: {'_cores': 3, '_nodes': 9223372036854775806}

[Thu Jun 16 10:28:36 2022]
localrule all:
    input: test/fastq/raw/lib001.fastq.gz, test/fastq/raw/lib002.fastq.gz, test/fastq/raw/lib003.fastq.gz
    jobid: 0
    resources: tmpdir=/tmp

[Thu Jun 16 10:28:36 2022]
Finished job 0.
4 of 4 steps (100%) done
Complete log: /home/jeszyman/repos/biotools/.snakemake/log/2022-06-16T102835.655389.snakemake.log
unlocking
removing lock
removing lock
removed all locks
